2020-03-10 08:58:21.2618 ERROR File has a different columns count
2020-03-10 08:58:21.3635 ERROR The result not recorded. Inner exception:    at laba1.Services.StudentCsvReader.Read(String path) in E:\Учеба\3 курс\6 семестр\ArtsemBraim_DotNet\SCoCS\laba1\laba1\Services\StudentCsvReader.cs:line 49
   at laba1.Program.OnExecute() in E:\Учеба\3 курс\6 семестр\ArtsemBraim_DotNet\SCoCS\laba1\laba1\Program.cs:line 36
2020-03-10 08:59:46.6461 ERROR Student not added due to incorrect format found in column "Физика"
2020-03-10 08:59:46.7748 ERROR The result not recorded. Inner exception:    at CsvHelper.TypeConversion.DefaultTypeConverter.ConvertFromString(String text, IReaderRow row, MemberMapData memberMapData)
   at CsvHelper.TypeConversion.Int32Converter.ConvertFromString(String text, IReaderRow row, MemberMapData memberMapData)
   at CsvHelper.CsvReader.GetField(Type type, Int32 index, ITypeConverter converter)
   at CsvHelper.CsvReader.GetField[T](Int32 index, ITypeConverter converter)
   at CsvHelper.CsvReader.GetField[T](Int32 index)
   at laba1.Services.StudentCsvReader.Read(String path) in E:\Учеба\3 курс\6 семестр\ArtsemBraim_DotNet\SCoCS\laba1\laba1\Services\StudentCsvReader.cs:line 54
   at laba1.Program.OnExecute() in E:\Учеба\3 курс\6 семестр\ArtsemBraim_DotNet\SCoCS\laba1\laba1\Program.cs:line 36
2020-03-10 09:35:27.0390 ERROR File has a different columns count
2020-03-10 09:35:27.1108 ERROR The result not recorded. Inner exception:    at laba1.Services.StudentCsvReader.Read(String path) in E:\Учеба\3 курс\6 семестр\ArtsemBraim_DotNet\SCoCS\laba1\laba1\Services\StudentCsvReader.cs:line 49
   at laba1.Program.OnExecute() in E:\Учеба\3 курс\6 семестр\ArtsemBraim_DotNet\SCoCS\laba1\laba1\Program.cs:line 36
2020-03-10 09:44:21.0278 ERROR Student not added due to incorrect format found in column "Физика"
2020-03-10 09:44:21.1016 ERROR The result not recorded. Inner exception:    at CsvHelper.TypeConversion.DefaultTypeConverter.ConvertFromString(String text, IReaderRow row, MemberMapData memberMapData)
   at CsvHelper.TypeConversion.Int32Converter.ConvertFromString(String text, IReaderRow row, MemberMapData memberMapData)
   at CsvHelper.CsvReader.GetField(Type type, Int32 index, ITypeConverter converter)
   at CsvHelper.CsvReader.GetField[T](Int32 index, ITypeConverter converter)
   at CsvHelper.CsvReader.GetField[T](Int32 index)
   at laba1.Services.StudentCsvReader.Read(String path) in E:\Учеба\3 курс\6 семестр\ArtsemBraim_DotNet\SCoCS\laba1\laba1\Services\StudentCsvReader.cs:line 54
   at laba1.Program.OnExecute() in E:\Учеба\3 курс\6 семестр\ArtsemBraim_DotNet\SCoCS\laba1\laba1\Program.cs:line 36
2020-03-10 09:44:48.1384 ERROR File has a different columns count
2020-03-10 09:44:48.2100 ERROR The result not recorded. Inner exception:    at laba1.Services.StudentCsvReader.Read(String path) in E:\Учеба\3 курс\6 семестр\ArtsemBraim_DotNet\SCoCS\laba1\laba1\Services\StudentCsvReader.cs:line 49
   at laba1.Program.OnExecute() in E:\Учеба\3 курс\6 семестр\ArtsemBraim_DotNet\SCoCS\laba1\laba1\Program.cs:line 36
2020-03-10 09:45:20.7299 ERROR File has a different columns count
2020-03-10 09:45:20.8007 ERROR The result not recorded. Inner exception:    at laba1.Services.StudentCsvReader.Read(String path) in E:\Учеба\3 курс\6 семестр\ArtsemBraim_DotNet\SCoCS\laba1\laba1\Services\StudentCsvReader.cs:line 49
   at laba1.Program.OnExecute() in E:\Учеба\3 курс\6 семестр\ArtsemBraim_DotNet\SCoCS\laba1\laba1\Program.cs:line 36
